<?xml version="1.0" encoding="UTF-8"?>
<testng-results skipped="0" failed="0" ignored="0" total="3" passed="3">
  <reporter-output>
  </reporter-output>
  <suite name="Suite" duration-ms="7432" started-at="2019-10-13T17:53:42Z" finished-at="2019-10-13T17:53:49Z">
    <groups>
      <group name="cucumber">
        <method signature="AbstractTestNGCucumberTests.runScenario(cucumber.api.testng.PickleEventWrapper, cucumber.api.testng.CucumberFeatureWrapper)[pri:0, instance:runner.RunCuke@6a2bcfcb]" name="runScenario" class="cucumber.api.testng.AbstractTestNGCucumberTests"/>
      </group> <!-- cucumber -->
    </groups>
    <test name="Test" duration-ms="7432" started-at="2019-10-13T17:53:42Z" finished-at="2019-10-13T17:53:49Z">
      <class name="runner.RunCuke">
        <test-method status="PASS" signature="setUpClass()[pri:0, instance:runner.RunCuke@6a2bcfcb]" name="setUpClass" is-config="true" duration-ms="279" started-at="2019-10-13T17:53:42Z" finished-at="2019-10-13T17:53:42Z">
          <reporter-output>
          </reporter-output>
        </test-method> <!-- setUpClass -->
        <test-method status="PASS" signature="runScenario(cucumber.api.testng.PickleEventWrapper, cucumber.api.testng.CucumberFeatureWrapper)[pri:0, instance:runner.RunCuke@6a2bcfcb]" name="runScenario" duration-ms="5761" started-at="2019-10-13T17:53:42Z" description="Runs Cucumber Scenarios" data-provider="scenarios" finished-at="2019-10-13T17:53:48Z">
          <params>
            <param index="0">
              <value>
                <![CDATA["Validate Create Customer API with valid Auth Key"]]>
              </value>
            </param>
            <param index="1">
              <value>
                <![CDATA["Validate Create Customer API"]]>
              </value>
            </param>
          </params>
          <reporter-output>
          </reporter-output>
        </test-method> <!-- runScenario -->
        <test-method status="PASS" signature="runScenario(cucumber.api.testng.PickleEventWrapper, cucumber.api.testng.CucumberFeatureWrapper)[pri:0, instance:runner.RunCuke@6a2bcfcb]" name="runScenario" duration-ms="786" started-at="2019-10-13T17:53:48Z" description="Runs Cucumber Scenarios" data-provider="scenarios" finished-at="2019-10-13T17:53:49Z">
          <params>
            <param index="0">
              <value>
                <![CDATA["Validate Create Customer API with valid Auth Key"]]>
              </value>
            </param>
            <param index="1">
              <value>
                <![CDATA["Validate Create Customer API"]]>
              </value>
            </param>
          </params>
          <reporter-output>
          </reporter-output>
        </test-method> <!-- runScenario -->
        <test-method status="PASS" signature="runScenario(cucumber.api.testng.PickleEventWrapper, cucumber.api.testng.CucumberFeatureWrapper)[pri:0, instance:runner.RunCuke@6a2bcfcb]" name="runScenario" duration-ms="423" started-at="2019-10-13T17:53:49Z" description="Runs Cucumber Scenarios" data-provider="scenarios" finished-at="2019-10-13T17:53:49Z">
          <params>
            <param index="0">
              <value>
                <![CDATA["Validate Create Customer API with In-valid Auth Key"]]>
              </value>
            </param>
            <param index="1">
              <value>
                <![CDATA["Validate Create Customer API"]]>
              </value>
            </param>
          </params>
          <reporter-output>
          </reporter-output>
        </test-method> <!-- runScenario -->
        <test-method status="PASS" signature="tearDownClass()[pri:0, instance:runner.RunCuke@6a2bcfcb]" name="tearDownClass" is-config="true" duration-ms="67" started-at="2019-10-13T17:53:49Z" finished-at="2019-10-13T17:53:49Z">
          <reporter-output>
          </reporter-output>
        </test-method> <!-- tearDownClass -->
      </class> <!-- runner.RunCuke -->
    </test> <!-- Test -->
  </suite> <!-- Suite -->
</testng-results>
