<?xml version="1.0" encoding="UTF-8"?>
<testng-results skipped="0" failed="0" ignored="0" total="5" passed="5">
  <reporter-output>
  </reporter-output>
  <suite name="Suite" duration-ms="6561" started-at="2019-10-17T11:38:31Z" finished-at="2019-10-17T11:38:38Z">
    <groups>
      <group name="cucumber">
        <method signature="AbstractTestNGCucumberTests.runScenario(cucumber.api.testng.PickleEventWrapper, cucumber.api.testng.CucumberFeatureWrapper)[pri:0, instance:runner.RunCuke@6a2bcfcb]" name="runScenario" class="cucumber.api.testng.AbstractTestNGCucumberTests"/>
      </group> <!-- cucumber -->
    </groups>
    <test name="Test" duration-ms="6561" started-at="2019-10-17T11:38:31Z" finished-at="2019-10-17T11:38:38Z">
      <class name="runner.RunCuke">
        <test-method status="PASS" signature="setUpClass()[pri:0, instance:runner.RunCuke@6a2bcfcb]" name="setUpClass" is-config="true" duration-ms="120" started-at="2019-10-17T11:38:31Z" finished-at="2019-10-17T11:38:32Z">
          <reporter-output>
          </reporter-output>
        </test-method> <!-- setUpClass -->
        <test-method status="PASS" signature="runScenario(cucumber.api.testng.PickleEventWrapper, cucumber.api.testng.CucumberFeatureWrapper)[pri:0, instance:runner.RunCuke@6a2bcfcb]" name="runScenario" duration-ms="3595" started-at="2019-10-17T11:38:32Z" description="Runs Cucumber Scenarios" data-provider="scenarios" finished-at="2019-10-17T11:38:35Z">
          <params>
            <param index="0">
              <value>
                <![CDATA["Validate Create Customer API with valid Auth Key"]]>
              </value>
            </param>
            <param index="1">
              <value>
                <![CDATA["Validate Create Customer API"]]>
              </value>
            </param>
          </params>
          <reporter-output>
          </reporter-output>
        </test-method> <!-- runScenario -->
        <test-method status="PASS" signature="runScenario(cucumber.api.testng.PickleEventWrapper, cucumber.api.testng.CucumberFeatureWrapper)[pri:0, instance:runner.RunCuke@6a2bcfcb]" name="runScenario" duration-ms="896" started-at="2019-10-17T11:38:35Z" description="Runs Cucumber Scenarios" data-provider="scenarios" finished-at="2019-10-17T11:38:36Z">
          <params>
            <param index="0">
              <value>
                <![CDATA["Validate Create Customer API with valid Auth Key"]]>
              </value>
            </param>
            <param index="1">
              <value>
                <![CDATA["Validate Create Customer API"]]>
              </value>
            </param>
          </params>
          <reporter-output>
          </reporter-output>
        </test-method> <!-- runScenario -->
        <test-method status="PASS" signature="runScenario(cucumber.api.testng.PickleEventWrapper, cucumber.api.testng.CucumberFeatureWrapper)[pri:0, instance:runner.RunCuke@6a2bcfcb]" name="runScenario" duration-ms="488" started-at="2019-10-17T11:38:36Z" description="Runs Cucumber Scenarios" data-provider="scenarios" finished-at="2019-10-17T11:38:37Z">
          <params>
            <param index="0">
              <value>
                <![CDATA["Validate Create Customer API with In-valid Auth Key"]]>
              </value>
            </param>
            <param index="1">
              <value>
                <![CDATA["Validate Create Customer API"]]>
              </value>
            </param>
          </params>
          <reporter-output>
          </reporter-output>
        </test-method> <!-- runScenario -->
        <test-method status="PASS" signature="runScenario(cucumber.api.testng.PickleEventWrapper, cucumber.api.testng.CucumberFeatureWrapper)[pri:0, instance:runner.RunCuke@6a2bcfcb]" name="runScenario" duration-ms="599" started-at="2019-10-17T11:38:37Z" description="Runs Cucumber Scenarios" data-provider="scenarios" finished-at="2019-10-17T11:38:37Z">
          <params>
            <param index="0">
              <value>
                <![CDATA["Validate Retrieve Customer API with valid key"]]>
              </value>
            </param>
            <param index="1">
              <value>
                <![CDATA["Validate Retrieve Customer API"]]>
              </value>
            </param>
          </params>
          <reporter-output>
          </reporter-output>
        </test-method> <!-- runScenario -->
        <test-method status="PASS" signature="runScenario(cucumber.api.testng.PickleEventWrapper, cucumber.api.testng.CucumberFeatureWrapper)[pri:0, instance:runner.RunCuke@6a2bcfcb]" name="runScenario" duration-ms="748" started-at="2019-10-17T11:38:37Z" description="Runs Cucumber Scenarios" data-provider="scenarios" finished-at="2019-10-17T11:38:38Z">
          <params>
            <param index="0">
              <value>
                <![CDATA["Validate Update Customer API with valid key"]]>
              </value>
            </param>
            <param index="1">
              <value>
                <![CDATA["Validate Update Customer API"]]>
              </value>
            </param>
          </params>
          <reporter-output>
          </reporter-output>
        </test-method> <!-- runScenario -->
        <test-method status="PASS" signature="tearDownClass()[pri:0, instance:runner.RunCuke@6a2bcfcb]" name="tearDownClass" is-config="true" duration-ms="64" started-at="2019-10-17T11:38:38Z" finished-at="2019-10-17T11:38:38Z">
          <reporter-output>
          </reporter-output>
        </test-method> <!-- tearDownClass -->
      </class> <!-- runner.RunCuke -->
    </test> <!-- Test -->
  </suite> <!-- Suite -->
</testng-results>
